Wed May 03 09:58:52 AEST 2023 : Apache Derby Network Server - 10.10.2.0 - (1582446) started and ready to accept connections on port 1527
----------------------------------------------------------------
Wed May 03 09:58:52 AEST 2023:
Booting Derby version The Apache Software Foundation - Apache Derby - 10.10.2.0 - (1582446): instance a816c00e-0187-dee7-985b-ffff8d55f980 
on database directory D:\Uni Folder ALL\2023\Software Development\IoTBay\IOTBAY DB with class loader sun.misc.Launcher$AppClassLoader@1d44bcfa 
Loaded from file:/C:/Users/kyler/GlassFish_Server/javadb/lib/derby.jar
java.vendor=Oracle Corporation
java.runtime.version=1.8.0_202-b08
user.dir=C:\Users\kyler\GlassFish_Server\javadb
os.name=Windows 10
os.arch=amd64
os.version=10.0
derby.system.home=D:\Uni Folder ALL\2023\Software Development\IoTBay
Database Class Loader started - derby.database.classpath=''
----------------------------------------------------------------
Wed May 03 09:58:53 AEST 2023:
Shutting down instance a816c00e-0187-dee7-985b-ffff8d55f980 on database directory D:\Uni Folder ALL\2023\Software Development\IoTBay\IOTBAY DB with class loader sun.misc.Launcher$AppClassLoader@1d44bcfa 
Wed May 03 09:58:53 AEST 2023 Thread[DRDAConnThread_2,5,main] (DATABASE = IOTBAY DB), (DRDAID = {2}), Database 'IOTBAY DB' shutdown.
----------------------------------------------------------------
Wed May 03 09:58:56 AEST 2023:
Booting Derby version The Apache Software Foundation - Apache Derby - 10.10.2.0 - (1582446): instance 560740aa-0187-dee7-985b-ffff8d55f980 
on database directory D:\Uni Folder ALL\2023\Software Development\IoTBay\IOTBAY DB with class loader sun.misc.Launcher$AppClassLoader@1d44bcfa 
Loaded from file:/C:/Users/kyler/GlassFish_Server/javadb/lib/derby.jar
java.vendor=Oracle Corporation
java.runtime.version=1.8.0_202-b08
user.dir=C:\Users\kyler\GlassFish_Server\javadb
os.name=Windows 10
os.arch=amd64
os.version=10.0
derby.system.home=D:\Uni Folder ALL\2023\Software Development\IoTBay
Database Class Loader started - derby.database.classpath=''
----------------------------------------------------------------
Wed May 03 18:43:50 AEST 2023:
Shutting down instance 560740aa-0187-dee7-985b-ffff8d55f980 on database directory D:\Uni Folder ALL\2023\Software Development\IoTBay\IOTBAY DB with class loader sun.misc.Launcher$AppClassLoader@1d44bcfa 
Wed May 03 18:43:50 AEST 2023 Thread[DRDAConnThread_5,5,main] (DATABASE = IOTBAY DB), (DRDAID = {22}), Database 'IOTBAY DB' shutdown.
----------------------------------------------------------------
Wed May 03 18:44:20 AEST 2023:
Booting Derby version The Apache Software Foundation - Apache Derby - 10.10.2.0 - (1582446): instance 26388f35-0187-dee7-985b-ffff8d55f980 
on database directory D:\Uni Folder ALL\2023\Software Development\IoTBay\IOTBAY DB with class loader sun.misc.Launcher$AppClassLoader@1d44bcfa 
Loaded from file:/C:/Users/kyler/GlassFish_Server/javadb/lib/derby.jar
java.vendor=Oracle Corporation
java.runtime.version=1.8.0_202-b08
user.dir=C:\Users\kyler\GlassFish_Server\javadb
os.name=Windows 10
os.arch=amd64
os.version=10.0
derby.system.home=D:\Uni Folder ALL\2023\Software Development\IoTBay
Database Class Loader started - derby.database.classpath=''
----------------------------------------------------------------
Wed May 03 18:44:20 AEST 2023:
Shutting down instance 26388f35-0187-dee7-985b-ffff8d55f980 on database directory D:\Uni Folder ALL\2023\Software Development\IoTBay\IOTBAY DB with class loader sun.misc.Launcher$AppClassLoader@1d44bcfa 
Wed May 03 18:44:20 AEST 2023 Thread[DRDAConnThread_5,5,main] (DATABASE = IOTBAY DB), (DRDAID = {24}), Database 'IOTBAY DB' shutdown.
----------------------------------------------------------------
Wed May 03 18:44:23 AEST 2023:
Booting Derby version The Apache Software Foundation - Apache Derby - 10.10.2.0 - (1582446): instance c31a0fd1-0187-dee7-985b-ffff8d55f980 
on database directory D:\Uni Folder ALL\2023\Software Development\IoTBay\IOTBAY DB with class loader sun.misc.Launcher$AppClassLoader@1d44bcfa 
Loaded from file:/C:/Users/kyler/GlassFish_Server/javadb/lib/derby.jar
java.vendor=Oracle Corporation
java.runtime.version=1.8.0_202-b08
user.dir=C:\Users\kyler\GlassFish_Server\javadb
os.name=Windows 10
os.arch=amd64
os.version=10.0
derby.system.home=D:\Uni Folder ALL\2023\Software Development\IoTBay
Database Class Loader started - derby.database.classpath=''
Wed May 03 19:09:49 AEST 2023 Thread[DRDAConnThread_4,5,main] Cleanup action starting
java.sql.SQLException: Database 'IOTBAY' not found.
	at org.apache.derby.impl.jdbc.SQLExceptionFactory40.getSQLException(Unknown Source)
	at org.apache.derby.impl.jdbc.Util.newEmbedSQLException(Unknown Source)
	at org.apache.derby.impl.jdbc.Util.newEmbedSQLException(Unknown Source)
	at org.apache.derby.impl.jdbc.Util.generateCsSQLException(Unknown Source)
	at org.apache.derby.impl.jdbc.EmbedConnection.newSQLException(Unknown Source)
	at org.apache.derby.impl.jdbc.EmbedConnection.handleDBNotFound(Unknown Source)
	at org.apache.derby.impl.jdbc.EmbedConnection.<init>(Unknown Source)
	at org.apache.derby.impl.jdbc.EmbedConnection40.<init>(Unknown Source)
	at org.apache.derby.jdbc.Driver40.getNewEmbedConnection(Unknown Source)
	at org.apache.derby.jdbc.InternalDriver.connect(Unknown Source)
	at org.apache.derby.jdbc.Driver20.connect(Unknown Source)
	at org.apache.derby.jdbc.EmbeddedDriver.connect(Unknown Source)
	at org.apache.derby.impl.drda.Database.makeConnection(Unknown Source)
	at org.apache.derby.impl.drda.DRDAConnThread.getConnFromDatabaseName(Unknown Source)
	at org.apache.derby.impl.drda.DRDAConnThread.verifyUserIdPassword(Unknown Source)
	at org.apache.derby.impl.drda.DRDAConnThread.parseSECCHK(Unknown Source)
	at org.apache.derby.impl.drda.DRDAConnThread.parseDRDAConnection(Unknown Source)
	at org.apache.derby.impl.drda.DRDAConnThread.processCommands(Unknown Source)
	at org.apache.derby.impl.drda.DRDAConnThread.run(Unknown Source)
Caused by: java.sql.SQLException: Database 'IOTBAY' not found.
	at org.apache.derby.impl.jdbc.SQLExceptionFactory.getSQLException(Unknown Source)
	at org.apache.derby.impl.jdbc.SQLExceptionFactory40.wrapArgsForTransportAcrossDRDA(Unknown Source)
	... 19 more
============= begin nested exception, level (1) ===========
java.sql.SQLException: Database 'IOTBAY' not found.
	at org.apache.derby.impl.jdbc.SQLExceptionFactory.getSQLException(Unknown Source)
	at org.apache.derby.impl.jdbc.SQLExceptionFactory40.wrapArgsForTransportAcrossDRDA(Unknown Source)
	at org.apache.derby.impl.jdbc.SQLExceptionFactory40.getSQLException(Unknown Source)
	at org.apache.derby.impl.jdbc.Util.newEmbedSQLException(Unknown Source)
	at org.apache.derby.impl.jdbc.Util.newEmbedSQLException(Unknown Source)
	at org.apache.derby.impl.jdbc.Util.generateCsSQLException(Unknown Source)
	at org.apache.derby.impl.jdbc.EmbedConnection.newSQLException(Unknown Source)
	at org.apache.derby.impl.jdbc.EmbedConnection.handleDBNotFound(Unknown Source)
	at org.apache.derby.impl.jdbc.EmbedConnection.<init>(Unknown Source)
	at org.apache.derby.impl.jdbc.EmbedConnection40.<init>(Unknown Source)
	at org.apache.derby.jdbc.Driver40.getNewEmbedConnection(Unknown Source)
	at org.apache.derby.jdbc.InternalDriver.connect(Unknown Source)
	at org.apache.derby.jdbc.Driver20.connect(Unknown Source)
	at org.apache.derby.jdbc.EmbeddedDriver.connect(Unknown Source)
	at org.apache.derby.impl.drda.Database.makeConnection(Unknown Source)
	at org.apache.derby.impl.drda.DRDAConnThread.getConnFromDatabaseName(Unknown Source)
	at org.apache.derby.impl.drda.DRDAConnThread.verifyUserIdPassword(Unknown Source)
	at org.apache.derby.impl.drda.DRDAConnThread.parseSECCHK(Unknown Source)
	at org.apache.derby.impl.drda.DRDAConnThread.parseDRDAConnection(Unknown Source)
	at org.apache.derby.impl.drda.DRDAConnThread.processCommands(Unknown Source)
	at org.apache.derby.impl.drda.DRDAConnThread.run(Unknown Source)
============= end nested exception, level (1) ===========
Cleanup action completed
Wed May 03 19:09:49 AEST 2023 Thread[DRDAConnThread_4,5,main] (DATABASE = IOTBAY), (DRDAID = {30}), Database 'IOTBAY' not found.
Wed May 03 19:09:52 AEST 2023 Thread[DRDAConnThread_4,5,main] Cleanup action starting
java.sql.SQLException: Database 'IOTBAY' not found.
	at org.apache.derby.impl.jdbc.SQLExceptionFactory40.getSQLException(Unknown Source)
	at org.apache.derby.impl.jdbc.Util.newEmbedSQLException(Unknown Source)
	at org.apache.derby.impl.jdbc.Util.newEmbedSQLException(Unknown Source)
	at org.apache.derby.impl.jdbc.Util.generateCsSQLException(Unknown Source)
	at org.apache.derby.impl.jdbc.EmbedConnection.newSQLException(Unknown Source)
	at org.apache.derby.impl.jdbc.EmbedConnection.handleDBNotFound(Unknown Source)
	at org.apache.derby.impl.jdbc.EmbedConnection.<init>(Unknown Source)
	at org.apache.derby.impl.jdbc.EmbedConnection40.<init>(Unknown Source)
	at org.apache.derby.jdbc.Driver40.getNewEmbedConnection(Unknown Source)
	at org.apache.derby.jdbc.InternalDriver.connect(Unknown Source)
	at org.apache.derby.jdbc.Driver20.connect(Unknown Source)
	at org.apache.derby.jdbc.EmbeddedDriver.connect(Unknown Source)
	at org.apache.derby.impl.drda.Database.makeConnection(Unknown Source)
	at org.apache.derby.impl.drda.DRDAConnThread.getConnFromDatabaseName(Unknown Source)
	at org.apache.derby.impl.drda.DRDAConnThread.verifyUserIdPassword(Unknown Source)
	at org.apache.derby.impl.drda.DRDAConnThread.parseSECCHK(Unknown Source)
	at org.apache.derby.impl.drda.DRDAConnThread.parseDRDAConnection(Unknown Source)
	at org.apache.derby.impl.drda.DRDAConnThread.processCommands(Unknown Source)
	at org.apache.derby.impl.drda.DRDAConnThread.run(Unknown Source)
Caused by: java.sql.SQLException: Database 'IOTBAY' not found.
	at org.apache.derby.impl.jdbc.SQLExceptionFactory.getSQLException(Unknown Source)
	at org.apache.derby.impl.jdbc.SQLExceptionFactory40.wrapArgsForTransportAcrossDRDA(Unknown Source)
	... 19 more
============= begin nested exception, level (1) ===========
java.sql.SQLException: Database 'IOTBAY' not found.
	at org.apache.derby.impl.jdbc.SQLExceptionFactory.getSQLException(Unknown Source)
	at org.apache.derby.impl.jdbc.SQLExceptionFactory40.wrapArgsForTransportAcrossDRDA(Unknown Source)
	at org.apache.derby.impl.jdbc.SQLExceptionFactory40.getSQLException(Unknown Source)
	at org.apache.derby.impl.jdbc.Util.newEmbedSQLException(Unknown Source)
	at org.apache.derby.impl.jdbc.Util.newEmbedSQLException(Unknown Source)
	at org.apache.derby.impl.jdbc.Util.generateCsSQLException(Unknown Source)
	at org.apache.derby.impl.jdbc.EmbedConnection.newSQLException(Unknown Source)
	at org.apache.derby.impl.jdbc.EmbedConnection.handleDBNotFound(Unknown Source)
	at org.apache.derby.impl.jdbc.EmbedConnection.<init>(Unknown Source)
	at org.apache.derby.impl.jdbc.EmbedConnection40.<init>(Unknown Source)
	at org.apache.derby.jdbc.Driver40.getNewEmbedConnection(Unknown Source)
	at org.apache.derby.jdbc.InternalDriver.connect(Unknown Source)
	at org.apache.derby.jdbc.Driver20.connect(Unknown Source)
	at org.apache.derby.jdbc.EmbeddedDriver.connect(Unknown Source)
	at org.apache.derby.impl.drda.Database.makeConnection(Unknown Source)
	at org.apache.derby.impl.drda.DRDAConnThread.getConnFromDatabaseName(Unknown Source)
	at org.apache.derby.impl.drda.DRDAConnThread.verifyUserIdPassword(Unknown Source)
	at org.apache.derby.impl.drda.DRDAConnThread.parseSECCHK(Unknown Source)
	at org.apache.derby.impl.drda.DRDAConnThread.parseDRDAConnection(Unknown Source)
	at org.apache.derby.impl.drda.DRDAConnThread.processCommands(Unknown Source)
	at org.apache.derby.impl.drda.DRDAConnThread.run(Unknown Source)
============= end nested exception, level (1) ===========
Cleanup action completed
Wed May 03 19:09:52 AEST 2023 Thread[DRDAConnThread_4,5,main] (DATABASE = IOTBAY), (DRDAID = {31}), Database 'IOTBAY' not found.
----------------------------------------------------------------
Wed May 03 19:10:07 AEST 2023:
Shutting down instance c31a0fd1-0187-dee7-985b-ffff8d55f980 on database directory D:\Uni Folder ALL\2023\Software Development\IoTBay\IOTBAY DB with class loader sun.misc.Launcher$AppClassLoader@1d44bcfa 
Wed May 03 19:10:07 AEST 2023 Thread[DRDAConnThread_4,5,main] (DATABASE = IOTBAY DB), (DRDAID = {32}), Database 'IOTBAY DB' shutdown.
----------------------------------------------------------------
Wed May 03 19:10:35 AEST 2023:
Booting Derby version The Apache Software Foundation - Apache Derby - 10.10.2.0 - (1582446): instance 8d9c525f-0187-dee7-985b-ffff8d55f980 
on database directory D:\Uni Folder ALL\2023\Software Development\IoTBay\IOTBAY with class loader sun.misc.Launcher$AppClassLoader@1d44bcfa 
Loaded from file:/C:/Users/kyler/GlassFish_Server/javadb/lib/derby.jar
java.vendor=Oracle Corporation
java.runtime.version=1.8.0_202-b08
user.dir=C:\Users\kyler\GlassFish_Server\javadb
os.name=Windows 10
os.arch=amd64
os.version=10.0
derby.system.home=D:\Uni Folder ALL\2023\Software Development\IoTBay
Database Class Loader started - derby.database.classpath=''
----------------------------------------------------------------
Wed May 03 19:10:35 AEST 2023:
Shutting down instance 8d9c525f-0187-dee7-985b-ffff8d55f980 on database directory D:\Uni Folder ALL\2023\Software Development\IoTBay\IOTBAY with class loader sun.misc.Launcher$AppClassLoader@1d44bcfa 
Wed May 03 19:10:35 AEST 2023 Thread[DRDAConnThread_4,5,main] (DATABASE = IOTBAY), (DRDAID = {34}), Database 'IOTBAY' shutdown.
----------------------------------------------------------------
Wed May 03 19:10:39 AEST 2023:
Booting Derby version The Apache Software Foundation - Apache Derby - 10.10.2.0 - (1582446): instance 25e3d2fb-0187-dee7-985b-ffff8d55f980 
on database directory D:\Uni Folder ALL\2023\Software Development\IoTBay\IOTBAY with class loader sun.misc.Launcher$AppClassLoader@1d44bcfa 
Loaded from file:/C:/Users/kyler/GlassFish_Server/javadb/lib/derby.jar
java.vendor=Oracle Corporation
java.runtime.version=1.8.0_202-b08
user.dir=C:\Users\kyler\GlassFish_Server\javadb
os.name=Windows 10
os.arch=amd64
os.version=10.0
derby.system.home=D:\Uni Folder ALL\2023\Software Development\IoTBay
Database Class Loader started - derby.database.classpath=''
